<?xml version="1.0" encoding="UTF-8"?>
<!-- Generated by org.testng.reporters.JUnitReportReporter -->
<testsuite skipped="0" hostname="DESKTOP-L28IVB5" name="TestLayer.ContactPageTest" tests="8" failures="0" timestamp="2021-08-31T09:27:07 IST" time="16.427" errors="0">
  <testcase name="validateLoginFunctionality" time="7.646" classname="TestLayer.ContactPageTest"/>
  <system-out/>
  <testcase name="validateLoggedUserName" time="6.500" classname="TestLayer.ContactPageTest"/>
  <system-out/>
  <testcase name="validateContactLink" time="0.140" classname="TestLayer.ContactPageTest"/>
  <system-out/>
  <testcase name="ValidateCreateNewUserInContactPage" time="0.301" classname="TestLayer.ContactPageTest"/>
  <system-out/>
  <testcase name="ValidateFirstNameIncontactPage" time="0.356" classname="TestLayer.ContactPageTest"/>
  <system-out/>
  <testcase name="ValidateMiddleNameIncontactPage" time="0.349" classname="TestLayer.ContactPageTest"/>
  <system-out/>
  <testcase name="ValidateLastNameIncontactPage" time="0.246" classname="TestLayer.ContactPageTest"/>
  <system-out/>
  <testcase name="ValidateEmailIdIncontactPage" time="0.889" classname="TestLayer.ContactPageTest"/>
  <system-out/>
</testsuite> <!-- TestLayer.ContactPageTest -->
