<?xml version="1.0" encoding="UTF-8"?>
<!-- Generated by org.testng.reporters.JUnitReportReporter -->
<testsuite skipped="0" hostname="DESKTOP-L28IVB5" name="TestLayer.DealsPageTest" tests="5" failures="0" timestamp="2021-08-31T09:10:43 IST" time="13.934" errors="0">
  <testcase name="validateLoginFunctionality" time="6.631" classname="TestLayer.DealsPageTest"/>
  <system-out/>
  <testcase name="validateLoggedUserName" time="6.504" classname="TestLayer.DealsPageTest"/>
  <system-out/>
  <testcase name="validateDealsLink" time="0.204" classname="TestLayer.DealsPageTest"/>
  <system-out/>
  <testcase name="validateCreateNewDealsUsers" time="0.216" classname="TestLayer.DealsPageTest"/>
  <system-out/>
  <testcase name="validateTitleofDealsPage" time="0.379" classname="TestLayer.DealsPageTest"/>
  <system-out/>
</testsuite> <!-- TestLayer.DealsPageTest -->
